<?xml version="1.0" encoding="UTF-8"?>
<!-- Generated by org.testng.reporters.JUnitReportReporter -->
<testsuite skipped="0" hostname="DeepikaB-PC" name="TestNG.BankTest" tests="1" failures="0" timestamp="22 Jan 2019 12:07:37 GMT" time="5.891" errors="0">
  <testcase name="Print_List_Of_BankNames_And_SwiftCode" time="5.891" classname="TestNG.BankTest"/>
</testsuite> <!-- TestNG.BankTest -->
