<?xml version="1.0" encoding="UTF-8"?>
<!-- Generated by org.testng.reporters.JUnitReportReporter -->
<testsuite skipped="0" hostname="DeepikaB-PC" name="TestNG.AmazonTest" tests="1" failures="0" timestamp="22 Jan 2019 10:07:56 GMT" time="23.235" errors="0">
  <testcase name="Get_List_Of_Images_On_HomePage" time="23.235" classname="TestNG.AmazonTest"/>
</testsuite> <!-- TestNG.AmazonTest -->
